<?xml version="1.0" encoding="UTF-8"?>
<testng-results skipped="0" failed="0" ignored="0" total="2" passed="2">
  <reporter-output>
  </reporter-output>
  <suite name="texpertsmarketing" duration-ms="48394" started-at="2022-07-13T03:51:15 IST" finished-at="2022-07-13T03:52:03 IST">
    <groups>
    </groups>
    <test name="test1" duration-ms="48394" started-at="2022-07-13T03:51:15 IST" finished-at="2022-07-13T03:52:03 IST">
      <class name="com.marketingmodule.testCases.TC_LoginTest_001">
        <test-method status="PASS" signature="setup(java.lang.String)[pri:0, instance:com.marketingmodule.testCases.TC_LoginTest_001@1f57539]" name="setup" is-config="true" duration-ms="5053" started-at="2022-07-13T03:51:15 IST" finished-at="2022-07-13T03:51:20 IST">
          <params>
            <param index="0">
              <value>
                <![CDATA[chrome]]>
              </value>
            </param>
          </params>
          <reporter-output>
          </reporter-output>
        </test-method> <!-- setup -->
        <test-method status="PASS" signature="loginTest()[pri:0, instance:com.marketingmodule.testCases.TC_LoginTest_001@1f57539]" name="loginTest" duration-ms="28837" started-at="2022-07-13T03:51:20 IST" finished-at="2022-07-13T03:51:49 IST">
          <reporter-output>
          </reporter-output>
        </test-method> <!-- loginTest -->
      </class> <!-- com.marketingmodule.testCases.TC_LoginTest_001 -->
      <class name="com.marketingmodule.testCases.TC_SearchConsultantSkillTest_003">
        <test-method status="PASS" signature="setup(java.lang.String)[pri:0, instance:com.marketingmodule.testCases.TC_SearchConsultantSkillTest_003@76f2b07d]" name="setup" is-config="true" duration-ms="1463" started-at="2022-07-13T03:51:49 IST" finished-at="2022-07-13T03:51:50 IST">
          <params>
            <param index="0">
              <value>
                <![CDATA[chrome]]>
              </value>
            </param>
          </params>
          <reporter-output>
          </reporter-output>
        </test-method> <!-- setup -->
        <test-method status="PASS" signature="consultantSkillSearch()[pri:0, instance:com.marketingmodule.testCases.TC_SearchConsultantSkillTest_003@76f2b07d]" name="consultantSkillSearch" duration-ms="12703" started-at="2022-07-13T03:51:50 IST" finished-at="2022-07-13T03:52:03 IST">
          <reporter-output>
          </reporter-output>
        </test-method> <!-- consultantSkillSearch -->
      </class> <!-- com.marketingmodule.testCases.TC_SearchConsultantSkillTest_003 -->
    </test> <!-- test1 -->
  </suite> <!-- texpertsmarketing -->
</testng-results>
