<?xml version="1.0" encoding="UTF-8"?>
<testng-results ignored="0" total="1" passed="1" failed="0" skipped="0">
  <reporter-output>
  </reporter-output>
  <suite started-at="2022-07-12T23:27:41 IST" name="texpertsmarketing" finished-at="2022-07-12T23:27:58 IST" duration-ms="16948">
    <groups>
    </groups>
    <test started-at="2022-07-12T23:27:41 IST" name="test1" finished-at="2022-07-12T23:27:58 IST" duration-ms="16948">
      <class name="com.marketingmodule.testCases.TC_SearchConsultantSkillTest_003">
        <test-method is-config="true" signature="setup(java.lang.String)[pri:0, instance:com.marketingmodule.testCases.TC_SearchConsultantSkillTest_003@3e8c3cb]" started-at="2022-07-12T23:27:41 IST" name="setup" finished-at="2022-07-12T23:27:44 IST" duration-ms="3350" status="PASS">
          <params>
            <param index="0">
              <value>
                <![CDATA[chrome]]>
              </value>
            </param>
          </params>
          <reporter-output>
          </reporter-output>
        </test-method> <!-- setup -->
        <test-method signature="consultantSkillSearch()[pri:0, instance:com.marketingmodule.testCases.TC_SearchConsultantSkillTest_003@3e8c3cb]" started-at="2022-07-12T23:27:44 IST" name="consultantSkillSearch" finished-at="2022-07-12T23:27:58 IST" duration-ms="13298" status="PASS">
          <reporter-output>
          </reporter-output>
        </test-method> <!-- consultantSkillSearch -->
      </class> <!-- com.marketingmodule.testCases.TC_SearchConsultantSkillTest_003 -->
    </test> <!-- test1 -->
  </suite> <!-- texpertsmarketing -->
</testng-results>
