<?xml version="1.0" encoding="UTF-8"?>
<!-- Generated by org.testng.reporters.JUnitXMLReporter -->
<testsuite hostname="LAPTOP-JSP5LVS3" ignored="0" name="test1" tests="2" failures="0" timestamp="2022-07-13T03:52:03 IST" time="48.394" errors="0">
  <testcase name="loginTest" time="28.837" classname="com.marketingmodule.testCases.TC_LoginTest_001"/>
  <testcase name="consultantSkillSearch" time="12.703" classname="com.marketingmodule.testCases.TC_SearchConsultantSkillTest_003"/>
</testsuite> <!-- test1 -->
